[debug] [2025-11-17T12:28:19.172Z] ----------------------------------------------------------------------
[debug] [2025-11-17T12:28:19.175Z] Command:       C:\Program Files\nodejs\node.exe C:\Users\ISHWAR\AppData\Roaming\npm\node_modules\firebase-tools\lib\bin\firebase.js init hosting
[debug] [2025-11-17T12:28:19.176Z] CLI Version:   14.25.0
[debug] [2025-11-17T12:28:19.176Z] Platform:      win32
[debug] [2025-11-17T12:28:19.176Z] Node Version:  v22.18.0
[debug] [2025-11-17T12:28:19.176Z] Time:          Mon Nov 17 2025 17:58:19 GMT+0530 (India Standard Time)
[debug] [2025-11-17T12:28:19.176Z] ----------------------------------------------------------------------
[debug] 
[info] 
     ######## #### ########  ######## ########     ###     ######  ########
     ##        ##  ##     ## ##       ##     ##  ##   ##  ##       ##
     ######    ##  ########  ######   ########  #########  ######  ######
     ##        ##  ##    ##  ##       ##     ## ##     ##       ## ##
     ##       #### ##     ## ######## ########  ##     ##  ######  ########

You're about to initialize a Firebase project in this directory:

  D:\vishwashauryam

[info] 
=== Project Setup
[info] 
[info] First, let's associate this project directory with a Firebase project.
[info] You can create multiple project aliases by running firebase use --add, 
[info] 
[debug] [2025-11-17T12:29:59.519Z] ----------------------------------------------------------------------
[debug] [2025-11-17T12:29:59.522Z] Command:       C:\Program Files\nodejs\node.exe C:\Users\ISHWAR\AppData\Roaming\npm\node_modules\firebase-tools\lib\bin\firebase.js init hosting
[debug] [2025-11-17T12:29:59.523Z] CLI Version:   14.25.0
[debug] [2025-11-17T12:29:59.523Z] Platform:      win32
[debug] [2025-11-17T12:29:59.524Z] Node Version:  v22.18.0
[debug] [2025-11-17T12:29:59.524Z] Time:          Mon Nov 17 2025 17:59:59 GMT+0530 (India Standard Time)
[debug] [2025-11-17T12:29:59.524Z] ----------------------------------------------------------------------
[debug] 
[info] 
     ######## #### ########  ######## ########     ###     ######  ########
     ##        ##  ##     ## ##       ##     ##  ##   ##  ##       ##
     ######    ##  ########  ######   ########  #########  ######  ######
     ##        ##  ##    ##  ##       ##     ## ##     ##       ## ##
     ##       #### ##     ## ######## ########  ##     ##  ######  ########

You're about to initialize a Firebase project in this directory:

  D:\vishwashauryam

[info] 
=== Project Setup
[info] 
[info] First, let's associate this project directory with a Firebase project.
[info] You can create multiple project aliases by running firebase use --add, 
[info] 
[debug] [2025-11-17T12:31:42.830Z] ----------------------------------------------------------------------
[debug] [2025-11-17T12:31:42.832Z] Command:       C:\Program Files\nodejs\node.exe C:\Users\ISHWAR\AppData\Roaming\npm\node_modules\firebase-tools\lib\bin\firebase.js init hosting
[debug] [2025-11-17T12:31:42.832Z] CLI Version:   14.25.0
[debug] [2025-11-17T12:31:42.832Z] Platform:      win32
[debug] [2025-11-17T12:31:42.832Z] Node Version:  v22.18.0
[debug] [2025-11-17T12:31:42.833Z] Time:          Mon Nov 17 2025 18:01:42 GMT+0530 (India Standard Time)
[debug] [2025-11-17T12:31:42.833Z] ----------------------------------------------------------------------
[debug] 
[info] 
     ######## #### ########  ######## ########     ###     ######  ########
     ##        ##  ##     ## ##       ##     ##  ##   ##  ##       ##
     ######    ##  ########  ######   ########  #########  ######  ######
     ##        ##  ##    ##  ##       ##     ## ##     ##       ## ##
     ##       #### ##     ## ######## ########  ##     ##  ######  ########

You're about to initialize a Firebase project in this directory:

  D:\vishwashauryam

[info] 
=== Project Setup
[info] 
[info] First, let's associate this project directory with a Firebase project.
[info] You can create multiple project aliases by running firebase use --add, 
[info] 
